<?xml version="1.0" encoding="UTF-8"?>
<!-- Generated by org.testng.reporters.JUnitXMLReporter -->
<testsuite ignored="0" hostname="DESKTOP-CCUD8MA" failures="1" tests="1" name="Test" time="24.816" errors="0" timestamp="2023-09-16T10:32:52 IST">
  <testcase classname="io.cucumber.testng.AbstractTestNGCucumberTests" name="runScenario" time="19.489">
    <failure type="java.io.FileNotFoundException" message="C:\Users\User\Desktop\Myscreenshots1694840567289.png\screenshot.png (The system cannot find the path specified)">
      <![CDATA[java.io.FileNotFoundException: C:\Users\User\Desktop\Myscreenshots1694840567289.png\screenshot.png (The system cannot find the path specified)
at java.base/java.io.FileOutputStream.open0(Native Method)
at java.base/java.io.FileOutputStream.open(FileOutputStream.java:293)
at java.base/java.io.FileOutputStream.<init>(FileOutputStream.java:235)
at java.base/java.io.FileOutputStream.<init>(FileOutputStream.java:184)
at in.Bank.TestSteps.stepdefination.captureScreenshotAndFail(stepdefination.java:79)
at in.Bank.TestSteps.stepdefination.click_submit_to_visa_successfully(stepdefination.java:60)
at ✽.click Submit to VISA successfully.(file:///C:/Users/User/git/RLL_Digital_Bank/Bank/features/bank.feature:7)
]]>
    </failure>
  </testcase> <!-- runScenario -->
</testsuite> <!-- Test -->
