<?xml version="1.0" encoding="UTF-8"?>
<testng-results ignored="0" total="1" passed="0" failed="1" skipped="0">
  <reporter-output>
  </reporter-output>
  <suite started-at="2023-09-15T17:24:51 IST" name="Default suite" finished-at="2023-09-15T17:25:15 IST" duration-ms="24283">
    <groups>
      <group name="cucumber">
        <method signature="AbstractTestNGCucumberTests.runScenario(io.cucumber.testng.PickleWrapper,io.cucumber.testng.FeatureWrapper)[pri:0, instance:in.Bank.TestSteps.TestRunner@6e6f2380]" name="runScenario" class="io.cucumber.testng.AbstractTestNGCucumberTests"/>
      </group> <!-- cucumber -->
    </groups>
    <test started-at="2023-09-15T17:24:51 IST" name="Default test" finished-at="2023-09-15T17:25:15 IST" duration-ms="24283">
      <class name="in.Bank.TestSteps.TestRunner">
        <test-method is-config="true" signature="setUpClass(org.testng.ITestContext)[pri:0, instance:in.Bank.TestSteps.TestRunner@6e6f2380]" started-at="2023-09-15T17:24:51 IST" name="setUpClass" finished-at="2023-09-15T17:24:52 IST" duration-ms="553" status="PASS">
          <params>
            <param index="0">
              <value>
                <![CDATA[org.testng.TestRunner@73894c5a]]>
              </value>
            </param>
          </params>
          <reporter-output>
          </reporter-output>
        </test-method> <!-- setUpClass -->
        <test-method signature="runScenario(io.cucumber.testng.PickleWrapper,io.cucumber.testng.FeatureWrapper)[pri:0, instance:in.Bank.TestSteps.TestRunner@6e6f2380]" started-at="2023-09-15T17:24:52 IST" name="runScenario" description="Runs Cucumber Scenarios" data-provider="scenarios" finished-at="2023-09-15T17:25:12 IST" duration-ms="20560" status="FAIL">
          <params>
            <param index="0">
              <value>
                <![CDATA["A user must able to Direct payment to VISA"]]>
              </value>
            </param>
            <param index="1">
              <value>
                <![CDATA["Optional[clicks VISA Direct Transfer]"]]>
              </value>
            </param>
          </params>
          <exception class="java.io.FileNotFoundException">
            <message>
              <![CDATA[C:\Users\User\Desktop\Myscreenshots1694778912501.png\screenshot.png (The system cannot find the path specified)]]>
            </message>
            <full-stacktrace>
              <![CDATA[java.io.FileNotFoundException: C:\Users\User\Desktop\Myscreenshots1694778912501.png\screenshot.png (The system cannot find the path specified)
at java.base/java.io.FileOutputStream.open0(Native Method)
at java.base/java.io.FileOutputStream.open(FileOutputStream.java:293)
at java.base/java.io.FileOutputStream.<init>(FileOutputStream.java:235)
at java.base/java.io.FileOutputStream.<init>(FileOutputStream.java:184)
at in.Bank.TestSteps.stepdefination.captureScreenshotAndFail(stepdefination.java:79)
at in.Bank.TestSteps.stepdefination.click_submit_to_visa_successfully(stepdefination.java:60)
at ✽.click Submit to VISA successfully.(file:///C:/Users/User/eclipse-workspace/Bank/features/bank.feature:7)
]]>
            </full-stacktrace>
          </exception> <!-- java.io.FileNotFoundException -->
          <reporter-output>
          </reporter-output>
        </test-method> <!-- runScenario -->
        <test-method is-config="true" signature="tearDownClass()[pri:0, instance:in.Bank.TestSteps.TestRunner@6e6f2380]" started-at="2023-09-15T17:25:12 IST" name="tearDownClass" finished-at="2023-09-15T17:25:15 IST" duration-ms="3132" status="PASS">
          <reporter-output>
          </reporter-output>
        </test-method> <!-- tearDownClass -->
      </class> <!-- in.Bank.TestSteps.TestRunner -->
    </test> <!-- Default test -->
  </suite> <!-- Default suite -->
</testng-results>
